1771191892.745926 client started (50847): version 3.6a, socket /private/tmp/tmux-501/default, protocol 8
1771191892.745992 on Darwin 25.2.0 Darwin Kernel Version 25.2.0: Tue Nov 18 21:08:48 PST 2025; root:xnu-12377.61.12~1/RELEASE_ARM64_T8132
1771191892.746002 using libevent 2.1.12-stable select
1771191892.746030 using utf8proc 2.11.3
1771191892.746037 using ncurses 6.5 20240427
1771191892.746056 flags are 0x18010000
1771191892.746063 socket is /private/tmp/tmux-501/default
1771191892.746082 trying connect
1771191892.746100 connect failed: Connection refused
1771191892.746115 lock file is /private/tmp/tmux-501/default.lock
1771191892.746228 flock succeeded
1771191892.746235 got lock (6)
1771191892.746242 trying connect
1771191892.746251 connect failed: Connection refused
1771191892.746956 add peer 0x105942450: 7 (0x0)
1771191892.748745 sending message 111 to peer 0x105942450 (8 bytes)
1771191892.748757 sending message 111 to peer 0x105942450 (8 bytes)
1771191892.748765 sending message 101 to peer 0x105942450 (15 bytes)
1771191892.748773 sending message 109 to peer 0x105942450 (4 bytes)
1771191892.748779 sending message 102 to peer 0x105942450 (13 bytes)
1771191892.748786 sending message 108 to peer 0x105942450 (31 bytes)
1771191892.748792 sending message 112 to peer 0x105942450 (58 bytes)
1771191892.748800 sending message 112 to peer 0x105942450 (5 bytes)
1771191892.748813 sending message 112 to peer 0x105942450 (5 bytes)
1771191892.748822 sending message 112 to peer 0x105942450 (6 bytes)
1771191892.748829 sending message 112 to peer 0x105942450 (6 bytes)
1771191892.748835 sending message 112 to peer 0x105942450 (11 bytes)
1771191892.748841 sending message 112 to peer 0x105942450 (10 bytes)
1771191892.748847 sending message 112 to peer 0x105942450 (13 bytes)
1771191892.748853 sending message 112 to peer 0x105942450 (14 bytes)
1771191892.748859 sending message 112 to peer 0x105942450 (19 bytes)
1771191892.748866 sending message 112 to peer 0x105942450 (11 bytes)
1771191892.748873 sending message 112 to peer 0x105942450 (10 bytes)
1771191892.748880 sending message 112 to peer 0x105942450 (15 bytes)
1771191892.748885 sending message 112 to peer 0x105942450 (21 bytes)
1771191892.748891 sending message 112 to peer 0x105942450 (13 bytes)
1771191892.748897 sending message 112 to peer 0x105942450 (7 bytes)
1771191892.748904 sending message 112 to peer 0x105942450 (13 bytes)
1771191892.748909 sending message 112 to peer 0x105942450 (7 bytes)
1771191892.748923 sending message 112 to peer 0x105942450 (13 bytes)
1771191892.748929 sending message 112 to peer 0x105942450 (9 bytes)
1771191892.748937 sending message 112 to peer 0x105942450 (21 bytes)
1771191892.748942 sending message 112 to peer 0x105942450 (13 bytes)
1771191892.748948 sending message 112 to peer 0x105942450 (9 bytes)
1771191892.748954 sending message 112 to peer 0x105942450 (16 bytes)
1771191892.748964 sending message 112 to peer 0x105942450 (13 bytes)
1771191892.748971 sending message 112 to peer 0x105942450 (9 bytes)
1771191892.748977 sending message 112 to peer 0x105942450 (9 bytes)
1771191892.748984 sending message 112 to peer 0x105942450 (12 bytes)
1771191892.748990 sending message 112 to peer 0x105942450 (8 bytes)
1771191892.748997 sending message 112 to peer 0x105942450 (8 bytes)
1771191892.749002 sending message 112 to peer 0x105942450 (13 bytes)
1771191892.749008 sending message 112 to peer 0x105942450 (7 bytes)
1771191892.749014 sending message 112 to peer 0x105942450 (7 bytes)
1771191892.749020 sending message 112 to peer 0x105942450 (9 bytes)
1771191892.749026 sending message 112 to peer 0x105942450 (9 bytes)
1771191892.749032 sending message 112 to peer 0x105942450 (15 bytes)
1771191892.749038 sending message 112 to peer 0x105942450 (13 bytes)
1771191892.749045 sending message 112 to peer 0x105942450 (12 bytes)
1771191892.749051 sending message 112 to peer 0x105942450 (8 bytes)
1771191892.749057 sending message 112 to peer 0x105942450 (14 bytes)
1771191892.749064 sending message 112 to peer 0x105942450 (11 bytes)
1771191892.749069 sending message 112 to peer 0x105942450 (9 bytes)
1771191892.749097 sending message 112 to peer 0x105942450 (10 bytes)
1771191892.749103 sending message 112 to peer 0x105942450 (10 bytes)
1771191892.749108 sending message 112 to peer 0x105942450 (10 bytes)
1771191892.749111 sending message 112 to peer 0x105942450 (10 bytes)
1771191892.749116 sending message 112 to peer 0x105942450 (11 bytes)
1771191892.749120 sending message 112 to peer 0x105942450 (12 bytes)
1771191892.749124 sending message 112 to peer 0x105942450 (12 bytes)
1771191892.749129 sending message 112 to peer 0x105942450 (12 bytes)
1771191892.749133 sending message 112 to peer 0x105942450 (12 bytes)
1771191892.749142 sending message 112 to peer 0x105942450 (12 bytes)
1771191892.749148 sending message 112 to peer 0x105942450 (11 bytes)
1771191892.749153 sending message 112 to peer 0x105942450 (11 bytes)
1771191892.749158 sending message 112 to peer 0x105942450 (12 bytes)
1771191892.749163 sending message 112 to peer 0x105942450 (12 bytes)
1771191892.749168 sending message 112 to peer 0x105942450 (12 bytes)
1771191892.749173 sending message 112 to peer 0x105942450 (12 bytes)
1771191892.749177 sending message 112 to peer 0x105942450 (12 bytes)
1771191892.749181 sending message 112 to peer 0x105942450 (9 bytes)
1771191892.749186 sending message 112 to peer 0x105942450 (12 bytes)
1771191892.749190 sending message 112 to peer 0x105942450 (13 bytes)
1771191892.749194 sending message 112 to peer 0x105942450 (13 bytes)
1771191892.749199 sending message 112 to peer 0x105942450 (13 bytes)
1771191892.749203 sending message 112 to peer 0x105942450 (13 bytes)
1771191892.749207 sending message 112 to peer 0x105942450 (13 bytes)
1771191892.749212 sending message 112 to peer 0x105942450 (8 bytes)
1771191892.749217 sending message 112 to peer 0x105942450 (11 bytes)
1771191892.749223 sending message 112 to peer 0x105942450 (11 bytes)
1771191892.749227 sending message 112 to peer 0x105942450 (11 bytes)
1771191892.749232 sending message 112 to peer 0x105942450 (12 bytes)
1771191892.749236 sending message 112 to peer 0x105942450 (12 bytes)
1771191892.749240 sending message 112 to peer 0x105942450 (12 bytes)
1771191892.749244 sending message 112 to peer 0x105942450 (12 bytes)
1771191892.749247 sending message 112 to peer 0x105942450 (13 bytes)
1771191892.749251 sending message 112 to peer 0x105942450 (13 bytes)
1771191892.749255 sending message 112 to peer 0x105942450 (13 bytes)
1771191892.749258 sending message 112 to peer 0x105942450 (8 bytes)
1771191892.749262 sending message 112 to peer 0x105942450 (13 bytes)
1771191892.749266 sending message 112 to peer 0x105942450 (13 bytes)
1771191892.749271 sending message 112 to peer 0x105942450 (13 bytes)
1771191892.749275 sending message 112 to peer 0x105942450 (13 bytes)
1771191892.749280 sending message 112 to peer 0x105942450 (13 bytes)
1771191892.749285 sending message 112 to peer 0x105942450 (12 bytes)
1771191892.749289 sending message 112 to peer 0x105942450 (12 bytes)
1771191892.749294 sending message 112 to peer 0x105942450 (12 bytes)
1771191892.749298 sending message 112 to peer 0x105942450 (12 bytes)
1771191892.749303 sending message 112 to peer 0x105942450 (13 bytes)
1771191892.749306 sending message 112 to peer 0x105942450 (8 bytes)
1771191892.749310 sending message 112 to peer 0x105942450 (13 bytes)
1771191892.749314 sending message 112 to peer 0x105942450 (13 bytes)
1771191892.749317 sending message 112 to peer 0x105942450 (13 bytes)
1771191892.749321 sending message 112 to peer 0x105942450 (13 bytes)
1771191892.749326 sending message 112 to peer 0x105942450 (13 bytes)
1771191892.749331 sending message 112 to peer 0x105942450 (13 bytes)
1771191892.749334 sending message 112 to peer 0x105942450 (13 bytes)
1771191892.749338 sending message 112 to peer 0x105942450 (12 bytes)
1771191892.749342 sending message 112 to peer 0x105942450 (12 bytes)
1771191892.749347 sending message 112 to peer 0x105942450 (12 bytes)
1771191892.749351 sending message 112 to peer 0x105942450 (8 bytes)
1771191892.749355 sending message 112 to peer 0x105942450 (12 bytes)
1771191892.749359 sending message 112 to peer 0x105942450 (13 bytes)
1771191892.749371 sending message 112 to peer 0x105942450 (13 bytes)
1771191892.749375 sending message 112 to peer 0x105942450 (13 bytes)
1771191892.749418 sending message 112 to peer 0x105942450 (13 bytes)
1771191892.749447 sending message 112 to peer 0x105942450 (13 bytes)
1771191892.749455 sending message 112 to peer 0x105942450 (13 bytes)
1771191892.749462 sending message 112 to peer 0x105942450 (13 bytes)
1771191892.749467 sending message 112 to peer 0x105942450 (13 bytes)
1771191892.749474 sending message 112 to peer 0x105942450 (12 bytes)
1771191892.749479 sending message 112 to peer 0x105942450 (10 bytes)
1771191892.749487 sending message 112 to peer 0x105942450 (12 bytes)
1771191892.749494 sending message 112 to peer 0x105942450 (12 bytes)
1771191892.749498 sending message 112 to peer 0x105942450 (12 bytes)
1771191892.749504 sending message 112 to peer 0x105942450 (13 bytes)
1771191892.749510 sending message 112 to peer 0x105942450 (13 bytes)
1771191892.749515 sending message 112 to peer 0x105942450 (13 bytes)
1771191892.749520 sending message 112 to peer 0x105942450 (13 bytes)
1771191892.749525 sending message 112 to peer 0x105942450 (13 bytes)
1771191892.749529 sending message 112 to peer 0x105942450 (13 bytes)
1771191892.749534 sending message 112 to peer 0x105942450 (13 bytes)
1771191892.749538 sending message 112 to peer 0x105942450 (10 bytes)
1771191892.749542 sending message 112 to peer 0x105942450 (13 bytes)
1771191892.749546 sending message 112 to peer 0x105942450 (12 bytes)
1771191892.749551 sending message 112 to peer 0x105942450 (12 bytes)
1771191892.749555 sending message 112 to peer 0x105942450 (12 bytes)
1771191892.749559 sending message 112 to peer 0x105942450 (10 bytes)
1771191892.749564 sending message 112 to peer 0x105942450 (10 bytes)
1771191892.749569 sending message 112 to peer 0x105942450 (10 bytes)
1771191892.749573 sending message 112 to peer 0x105942450 (12 bytes)
1771191892.749578 sending message 112 to peer 0x105942450 (13 bytes)
1771191892.749584 sending message 112 to peer 0x105942450 (13 bytes)
1771191892.749590 sending message 112 to peer 0x105942450 (13 bytes)
1771191892.749597 sending message 112 to peer 0x105942450 (13 bytes)
1771191892.749601 sending message 112 to peer 0x105942450 (13 bytes)
1771191892.749606 sending message 112 to peer 0x105942450 (10 bytes)
1771191892.749611 sending message 112 to peer 0x105942450 (11 bytes)
1771191892.749616 sending message 112 to peer 0x105942450 (12 bytes)
1771191892.749621 sending message 112 to peer 0x105942450 (12 bytes)
1771191892.749628 sending message 112 to peer 0x105942450 (12 bytes)
1771191892.749633 sending message 112 to peer 0x105942450 (12 bytes)
1771191892.749637 sending message 112 to peer 0x105942450 (12 bytes)
1771191892.749643 sending message 112 to peer 0x105942450 (11 bytes)
1771191892.749648 sending message 112 to peer 0x105942450 (12 bytes)
1771191892.749653 sending message 112 to peer 0x105942450 (12 bytes)
1771191892.749658 sending message 112 to peer 0x105942450 (13 bytes)
1771191892.749663 sending message 112 to peer 0x105942450 (13 bytes)
1771191892.749670 sending message 112 to peer 0x105942450 (13 bytes)
1771191892.749675 sending message 112 to peer 0x105942450 (13 bytes)
1771191892.749680 sending message 112 to peer 0x105942450 (13 bytes)
1771191892.749685 sending message 112 to peer 0x105942450 (10 bytes)
1771191892.749691 sending message 112 to peer 0x105942450 (9 bytes)
1771191892.749696 sending message 112 to peer 0x105942450 (12 bytes)
1771191892.749702 sending message 112 to peer 0x105942450 (13 bytes)
1771191892.749708 sending message 112 to peer 0x105942450 (13 bytes)
1771191892.749714 sending message 112 to peer 0x105942450 (13 bytes)
1771191892.749719 sending message 112 to peer 0x105942450 (13 bytes)
1771191892.749723 sending message 112 to peer 0x105942450 (13 bytes)
1771191892.749727 sending message 112 to peer 0x105942450 (9 bytes)
1771191892.749732 sending message 112 to peer 0x105942450 (12 bytes)
1771191892.749738 sending message 112 to peer 0x105942450 (13 bytes)
1771191892.749763 sending message 112 to peer 0x105942450 (13 bytes)
1771191892.749768 sending message 112 to peer 0x105942450 (13 bytes)
1771191892.749774 sending message 112 to peer 0x105942450 (13 bytes)
1771191892.749779 sending message 112 to peer 0x105942450 (13 bytes)
1771191892.749784 sending message 112 to peer 0x105942450 (11 bytes)
1771191892.749789 sending message 112 to peer 0x105942450 (12 bytes)
1771191892.749795 sending message 112 to peer 0x105942450 (13 bytes)
1771191892.749800 sending message 112 to peer 0x105942450 (13 bytes)
1771191892.749806 sending message 112 to peer 0x105942450 (13 bytes)
1771191892.749812 sending message 112 to peer 0x105942450 (13 bytes)
1771191892.749817 sending message 112 to peer 0x105942450 (13 bytes)
1771191892.749823 sending message 112 to peer 0x105942450 (11 bytes)
1771191892.749829 sending message 112 to peer 0x105942450 (12 bytes)
1771191892.749833 sending message 112 to peer 0x105942450 (12 bytes)
1771191892.749838 sending message 112 to peer 0x105942450 (12 bytes)
1771191892.749844 sending message 112 to peer 0x105942450 (12 bytes)
1771191892.749850 sending message 112 to peer 0x105942450 (12 bytes)
1771191892.749856 sending message 112 to peer 0x105942450 (21 bytes)
1771191892.749864 sending message 112 to peer 0x105942450 (12 bytes)
1771191892.749869 sending message 112 to peer 0x105942450 (9 bytes)
1771191892.749874 sending message 112 to peer 0x105942450 (6 bytes)
1771191892.749879 sending message 112 to peer 0x105942450 (13 bytes)
1771191892.749886 sending message 112 to peer 0x105942450 (10 bytes)
1771191892.749890 sending message 112 to peer 0x105942450 (15 bytes)
1771191892.749894 sending message 112 to peer 0x105942450 (13 bytes)
1771191892.749899 sending message 112 to peer 0x105942450 (9 bytes)
1771191892.749904 sending message 112 to peer 0x105942450 (70 bytes)
1771191892.749910 sending message 112 to peer 0x105942450 (69 bytes)
1771191892.749915 sending message 112 to peer 0x105942450 (73 bytes)
1771191892.749920 sending message 112 to peer 0x105942450 (12 bytes)
1771191892.749925 sending message 112 to peer 0x105942450 (10 bytes)
1771191892.749931 sending message 112 to peer 0x105942450 (10 bytes)
1771191892.749936 sending message 112 to peer 0x105942450 (15 bytes)
1771191892.749941 sending message 112 to peer 0x105942450 (13 bytes)
1771191892.749946 sending message 112 to peer 0x105942450 (10 bytes)
1771191892.749953 sending message 112 to peer 0x105942450 (10 bytes)
1771191892.749959 sending message 112 to peer 0x105942450 (17 bytes)
1771191892.749963 sending message 112 to peer 0x105942450 (10 bytes)
1771191892.749967 sending message 112 to peer 0x105942450 (13 bytes)
1771191892.749970 sending message 112 to peer 0x105942450 (15 bytes)
1771191892.749974 sending message 112 to peer 0x105942450 (5 bytes)
1771191892.749980 sending message 104 to peer 0x105942450 (0 bytes)
1771191892.749985 sending message 110 to peer 0x105942450 (0 bytes)
1771191892.749990 sending message 107 to peer 0x105942450 (4 bytes)
1771191892.749995 sending message 105 to peer 0x105942450 (27 bytes)
1771191892.750001 sending message 105 to peer 0x105942450 (62 bytes)
1771191892.750007 sending message 105 to peer 0x105942450 (66 bytes)
1771191892.750013 sending message 105 to peer 0x105942450 (57 bytes)
1771191892.750019 sending message 105 to peer 0x105942450 (27 bytes)
1771191892.750025 sending message 105 to peer 0x105942450 (22 bytes)
1771191892.750030 sending message 105 to peer 0x105942450 (18 bytes)
1771191892.750036 sending message 105 to peer 0x105942450 (86 bytes)
1771191892.750041 sending message 105 to peer 0x105942450 (15 bytes)
1771191892.750046 sending message 105 to peer 0x105942450 (8 bytes)
1771191892.750051 sending message 105 to peer 0x105942450 (26 bytes)
1771191892.750056 sending message 105 to peer 0x105942450 (44 bytes)
1771191892.750060 sending message 105 to peer 0x105942450 (29 bytes)
1771191892.750064 sending message 105 to peer 0x105942450 (30 bytes)
1771191892.750070 sending message 105 to peer 0x105942450 (60 bytes)
1771191892.750088 sending message 105 to peer 0x105942450 (54 bytes)
1771191892.750094 sending message 105 to peer 0x105942450 (18 bytes)
1771191892.750099 sending message 105 to peer 0x105942450 (14 bytes)
1771191892.750104 sending message 105 to peer 0x105942450 (40 bytes)
1771191892.750110 sending message 105 to peer 0x105942450 (22 bytes)
1771191892.750114 sending message 105 to peer 0x105942450 (40 bytes)
1771191892.750119 sending message 105 to peer 0x105942450 (19 bytes)
1771191892.750125 sending message 105 to peer 0x105942450 (35 bytes)
1771191892.750130 sending message 105 to peer 0x105942450 (17 bytes)
1771191892.750136 sending message 105 to peer 0x105942450 (1537 bytes)
1771191892.750142 sending message 105 to peer 0x105942450 (61 bytes)
1771191892.750147 sending message 105 to peer 0x105942450 (24 bytes)
1771191892.750152 sending message 105 to peer 0x105942450 (23 bytes)
1771191892.750158 sending message 105 to peer 0x105942450 (15 bytes)
1771191892.750164 sending message 105 to peer 0x105942450 (33 bytes)
1771191892.750170 sending message 105 to peer 0x105942450 (43 bytes)
1771191892.750176 sending message 105 to peer 0x105942450 (19 bytes)
1771191892.750181 sending message 105 to peer 0x105942450 (22 bytes)
1771191892.750186 sending message 105 to peer 0x105942450 (20 bytes)
1771191892.750192 sending message 105 to peer 0x105942450 (20 bytes)
1771191892.750198 sending message 105 to peer 0x105942450 (58 bytes)
1771191892.750203 sending message 105 to peer 0x105942450 (43 bytes)
1771191892.750208 sending message 106 to peer 0x105942450 (0 bytes)
1771191892.787227 sending message 200 to peer 0x105942450 (4 bytes)
1771191892.787234 client loop enter
1771191892.787253 client_signal: Child exited: 20
1771191893.035381 peer 0x105942450 message 207
1771191893.035389 sending message 208 to peer 0x105942450 (0 bytes)
1771191903.068921 peer 0x105942450 message 203
1771191903.068927 sending message 205 to peer 0x105942450 (0 bytes)
1771191903.069105 peer 0x105942450 message 204
1771191903.069121 client loop exit
